Arguments: 
  /snap/node/6195/bin/node /snap/node/6195/bin/yarn.js add parcel

PATH: 
  /home/<YOUR_USERNAME>/.ebcli-virtual-env/executables:/home/istrugatskiy/.pyenv/versions/3.7.2/bin:/home/istrugatskiy/.ebcli-virtual-env/executables:/home/istrugatskiy/.local/bin:/usr/local/sbin:/usr/local/bin:/usr/sbin:/usr/bin:/sbin:/bin:/usr/games:/usr/local/games:/snap/bin:/usr/lib/jvm/java-17-oracle/bin:/usr/lib/jvm/java-17-oracle/db/bin:/usr/lib/jvm/java-17-oracle/bin:/usr/lib/jvm/java-17-oracle/db/bin:/home/istrugatskiy/flutter/bin

Yarn version: 
  1.22.18

Node version: 
  12.22.12

Platform: 
  linux x64

Trace: 
  Error: https://registry.yarnpkg.com/@parcel/transformer-js/-/transformer-js-2.7.0.tgz: ENOSPC: no space left on device, write

npm manifest: 
  {
    "name": "cdl-system",
    "version": "1.0.0",
    "description": "CDL Plant Project",
    "author": "Alex, Ilya, Joe, Lev, Maeve, Max",
    "license": "No license",
    "private": true
  }

yarn manifest: 
  No manifest

Lockfile: 
  # THIS IS AN AUTOGENERATED FILE. DO NOT EDIT THIS FILE DIRECTLY.
  # yarn lockfile v1
